2017-03-08 21:40:34,223 INFO Main start
2017-03-08 21:40:34,232 INFO Bonjour : Mlle. Emma Mark
2017-03-08 21:40:34,233 INFO Bonjour : Mlle. Cristina Lauren
2017-03-08 21:40:34,237 INFO Bonjour : Mme. Leela
2017-03-08 21:40:34,240 INFO Bonjour : Mme. Amy Wong
2017-03-08 21:40:34,240 INFO Bonjour : Mme. Mom
2017-03-08 21:40:34,242 INFO Bonjour : Mme. LaBarbara Conrad
2017-03-08 21:40:34,243 INFO Bonjour : M. Fry
2017-03-08 21:40:34,243 INFO Bonjour : M. Bender
2017-03-08 21:40:34,246 INFO Bonjour : M. Hermes Conrad
2017-03-08 21:40:34,246 INFO Bonjour : M. Hubert J. Farnsworth
2017-03-08 21:40:34,247 INFO Bonjour : M. John A. Zoidberg
2017-03-08 21:40:34,250 INFO Bonjour : M. Richard Nixon's head
2017-03-08 21:40:34,250 INFO Main stop
2017-03-08 21:40:34,252 INFO Bonjour : M. Zapp Brannigan
2017-03-08 21:40:34,253 INFO Bonjour : M. Kif Kroker
2017-03-08 21:40:34,253 INFO Bonjour : M. Nibbler
2017-03-08 21:40:34,255 INFO Bonjour : M. Scruffy
2017-03-08 21:40:34,256 INFO Bonjour : M. Leo Wong
2017-03-08 21:40:34,256 INFO Bonjour : M. Lrrr
2017-03-08 21:40:34,257 INFO Bonjour : M. Cubert Farnsworth
2017-03-08 21:40:34,259 INFO Bonjour : M. Dwight Conrad
